d:\git repository\myproject\mygameengine\mygameengine\x64\debug\vc141.pdb
d:\git repository\myproject\mygameengine\mygameengine\x64\debug\vc141.idb
d:\git repository\myproject\mygameengine\mygameengine\x64\debug\graphicsclass.obj
d:\git repository\myproject\mygameengine\mygameengine\x64\debug\inputclass.obj
d:\git repository\myproject\mygameengine\mygameengine\x64\debug\main.obj
d:\git repository\myproject\mygameengine\mygameengine\x64\debug\systemclass.obj
d:\git repository\myproject\mygameengine\mygameengine\x64\debug\d3dclass.obj
d:\git repository\myproject\mygameengine\mygameengine\x64\debug\cameraclass.obj
d:\git repository\myproject\mygameengine\mygameengine\x64\debug\colorshaderclass.obj
d:\git repository\myproject\mygameengine\mygameengine\x64\debug\modelclass.obj
d:\git repository\myproject\mygameengine\mygameengine\x64\debug\gameobject.obj
d:\git repository\myproject\mygameengine\mygameengine\x64\debug\textureclass.obj
d:\git repository\myproject\mygameengine\mygameengine\x64\debug\textureshaderclass.obj
d:\git repository\myproject\mygameengine\x64\debug\mygameengine.exe
d:\git repository\myproject\mygameengine\x64\debug\mygameengine.ilk
d:\git repository\myproject\mygameengine\x64\debug\mygameengine.pdb
d:\git repository\myproject\study\mygameengine\mygameengine\x64\debug\cameraclass.obj
d:\git repository\myproject\study\mygameengine\mygameengine\x64\debug\colorshaderclass.obj
d:\git repository\myproject\study\mygameengine\mygameengine\x64\debug\d3dclass.obj
d:\git repository\myproject\study\mygameengine\mygameengine\x64\debug\gameobject.obj
d:\git repository\myproject\study\mygameengine\mygameengine\x64\debug\graphicsclass.obj
d:\git repository\myproject\study\mygameengine\mygameengine\x64\debug\inputclass.obj
d:\git repository\myproject\study\mygameengine\mygameengine\x64\debug\main.obj
d:\git repository\myproject\study\mygameengine\mygameengine\x64\debug\modelclass.obj
d:\git repository\myproject\study\mygameengine\mygameengine\x64\debug\systemclass.obj
d:\git repository\myproject\study\mygameengine\mygameengine\x64\debug\textureclass.obj
d:\git repository\myproject\study\mygameengine\mygameengine\x64\debug\textureshaderclass.obj
d:\git repository\myproject\study\mygameengine\mygameengine\x64\debug\vc141.idb
d:\git repository\myproject\study\mygameengine\mygameengine\x64\debug\vc141.pdb
d:\git repository\myproject\study\mygameengine\x64\debug\mygameengine.pdb
d:\git repository\myproject\study\mygameengine\x64\debug\mygameengine.exe
d:\git repository\myproject\study\mygameengine\x64\debug\mygameengine.ilk
d:\git repository\myproject\study\mygameengine\mygameengine\x64\debug\mygameengine.tlog\cl.command.1.tlog
d:\git repository\myproject\study\mygameengine\mygameengine\x64\debug\mygameengine.tlog\cl.read.1.tlog
d:\git repository\myproject\study\mygameengine\mygameengine\x64\debug\mygameengine.tlog\cl.write.1.tlog
d:\git repository\myproject\study\mygameengine\mygameengine\x64\debug\mygameengine.tlog\link.command.1.tlog
d:\git repository\myproject\study\mygameengine\mygameengine\x64\debug\mygameengine.tlog\link.read.1.tlog
d:\git repository\myproject\study\mygameengine\mygameengine\x64\debug\mygameengine.tlog\link.write.1.tlog
