d:\git repository\myproject\flengine\flengine\x64\debug\vc141.pdb
d:\git repository\myproject\flengine\flengine\x64\debug\vc141.idb
d:\git repository\myproject\flengine\flengine\x64\debug\componentbase.obj
d:\git repository\myproject\flengine\flengine\x64\debug\coreengine.obj
d:\git repository\myproject\flengine\flengine\x64\debug\gameobject.obj
d:\git repository\myproject\flengine\flengine\x64\debug\graphicssystem.obj
d:\git repository\myproject\flengine\flengine\x64\debug\inputsystem.obj
d:\git repository\myproject\flengine\flengine\x64\debug\main.obj
d:\git repository\myproject\flengine\flengine\x64\debug\scene.obj
d:\git repository\myproject\flengine\flengine\x64\debug\windowsystem.obj
d:\git repository\myproject\flengine\flengine\x64\debug\precompiled.obj
d:\git repository\myproject\flengine\flengine\x64\debug\system.obj
d:\git repository\myproject\flengine\x64\debug\flengine.pdb
d:\git repository\myproject\flengine\flengine\x64\debug\flengine.tlog\cl.command.1.tlog
d:\git repository\myproject\flengine\flengine\x64\debug\flengine.tlog\cl.read.1.tlog
d:\git repository\myproject\flengine\flengine\x64\debug\flengine.tlog\cl.write.1.tlog
d:\git repository\myproject\flengine\flengine\x64\debug\flengine.tlog\link-cvtres.read.1.tlog
d:\git repository\myproject\flengine\flengine\x64\debug\flengine.tlog\link-cvtres.write.1.tlog
d:\git repository\myproject\flengine\flengine\x64\debug\flengine.tlog\link-rc.read.1.tlog
d:\git repository\myproject\flengine\flengine\x64\debug\flengine.tlog\link-rc.write.1.tlog
d:\git repository\myproject\flengine\flengine\x64\debug\flengine.tlog\link.command.1.tlog
d:\git repository\myproject\flengine\flengine\x64\debug\flengine.tlog\link.read.1.tlog
d:\git repository\myproject\flengine\flengine\x64\debug\flengine.tlog\link.write.1.tlog
